0 info it worked if it ends with ok
1 verbose cli [ 'C:\\nodejs\\node.exe',
1 verbose cli   'C:\\nodejs\\node_modules\\npm\\bin\\npm-cli.js',
1 verbose cli   'install',
1 verbose cli   '--registry=http://nexus.wdf.sap.corp:8081/nexus/content/groups/build.milestones.npm',
1 verbose cli   '--proxy=null' ]
2 info using npm@2.15.5
3 info using node@v4.4.5
4 verbose readDependencies loading dependencies from c:\RefApps\Sprint10\TestSuite\shinetest\shine\user-java\package.json
5 error install Couldn't read dependencies
6 verbose stack Error: ENOENT: no such file or directory, open 'c:\RefApps\Sprint10\TestSuite\shinetest\shine\user-java\package.json'
6 verbose stack     at Error (native)
7 verbose cwd c:\RefApps\Sprint10\TestSuite\shinetest\shine\user-java
8 error Windows_NT 6.3.9600
9 error argv "C:\\nodejs\\node.exe" "C:\\nodejs\\node_modules\\npm\\bin\\npm-cli.js" "install" "--registry=http://nexus.wdf.sap.corp:8081/nexus/content/groups/build.milestones.npm" "--proxy=null"
10 error node v4.4.5
11 error npm  v2.15.5
12 error path c:\RefApps\Sprint10\TestSuite\shinetest\shine\user-java\package.json
13 error code ENOPACKAGEJSON
14 error errno -4058
15 error syscall open
16 error package.json ENOENT: no such file or directory, open 'c:\RefApps\Sprint10\TestSuite\shinetest\shine\user-java\package.json'
16 error package.json This is most likely not a problem with npm itself.
16 error package.json npm can't find a package.json file in your current directory.
17 verbose exit [ -4058, true ]
