0 info it worked if it ends with ok
1 verbose cli [ 'C:\\Users\\c5244525\\Desktop\\SHINE Release\\shine\\web\\node\\node.exe',
1 verbose cli   'C:\\Users\\c5244525\\Desktop\\SHINE Release\\shine\\web\\node\\node_modules\\npm\\bin\\npm-cli.js',
1 verbose cli   'install',
1 verbose cli   '--production',
1 verbose cli   '--registry=http://nexus.wdf.sap.corp:8081/nexus/content/groups/build.milestones.npm',
1 verbose cli   '--color=false' ]
2 info using npm@2.11.3
3 info using node@v0.12.4
4 verbose readDependencies loading dependencies from C:\Users\c5244525\Desktop\SHINE Release\shine\web\package.json
5 warn package.json shine-web@1.4.0 No repository field.
6 warn package.json shine-web@1.4.0 No README data
7 warn package.json shine-web@1.4.0 No license field.
8 verbose install where, deps [ 'C:\\Users\\c5244525\\Desktop\\SHINE Release\\shine\\web',
8 verbose install   [ '@sap/approuter' ] ]
9 verbose install where, peers [ 'C:\\Users\\c5244525\\Desktop\\SHINE Release\\shine\\web',
9 verbose install   [] ]
10 verbose installManyTop reading for lifecycle C:\Users\c5244525\Desktop\SHINE Release\shine\web\package.json
11 info preinstall shine-web@1.4.0
12 verbose readDependencies loading dependencies from C:\Users\c5244525\Desktop\SHINE Release\shine\web\package.json
13 silly cache add args [ '@sap/approuter@2.8.1', null ]
14 verbose cache add spec @sap/approuter@2.8.1
15 silly cache add parsed spec { raw: '@sap/approuter@2.8.1',
15 silly cache add   scope: '@sap',
15 silly cache add   name: '@sap/approuter',
15 silly cache add   rawSpec: '2.8.1',
15 silly cache add   spec: '2.8.1',
15 silly cache add   type: 'version' }
16 silly addNamed @sap/approuter@2.8.1
17 verbose addNamed "2.8.1" is a plain semver version for @sap/approuter
18 silly mapToRegistry name @sap/approuter
19 silly mapToRegistry scope (from package name) @sap
20 silly mapToRegistry registry https://npm.sap.com/
21 silly mapToRegistry uri https://npm.sap.com/@sap%2fapprouter
22 verbose addNameVersion registry:https://npm.sap.com/@sap%2fapprouter not in flight; fetching
23 verbose request uri https://npm.sap.com/@sap%2fapprouter
24 verbose request no auth needed
25 info attempt registry request try #1 at 7:43:05 AM
26 verbose request id c9fb9af9f1134bd6
27 http request GET https://npm.sap.com/@sap%2fapprouter
28 http 200 https://npm.sap.com/@sap%2fapprouter
29 silly get cb [ 200,
29 silly get   { server: 'nginx/1.10.3',
29 silly get     date: 'Tue, 13 Jun 2017 02:13:06 GMT',
29 silly get     'content-type': 'application/json',
29 silly get     'transfer-encoding': 'chunked',
29 silly get     connection: 'keep-alive',
29 silly get     'keep-alive': 'timeout=5',
29 silly get     'x-frame-options': 'SAMEORIGIN',
29 silly get     'x-content-type-options': 'nosniff' } ]
30 verbose get saving @sap/approuter to C:\Users\c5244525\AppData\Roaming\npm-cache\npm.sap.com\_40sap_252fapprouter\.cache.json
31 verbose stack Error: version not found: @sap/approuter@2.8.1
31 verbose stack     at setData (C:\Users\c5244525\Desktop\SHINE Release\shine\web\node\node_modules\npm\lib\cache\add-named.js:137:12)
31 verbose stack     at RES (C:\Users\c5244525\Desktop\SHINE Release\shine\web\node\node_modules\npm\node_modules\inflight\inflight.js:23:14)
31 verbose stack     at f (C:\Users\c5244525\Desktop\SHINE Release\shine\web\node\node_modules\npm\node_modules\once\once.js:17:25)
31 verbose stack     at fixName (C:\Users\c5244525\Desktop\SHINE Release\shine\web\node\node_modules\npm\lib\cache\add-named.js:29:5)
31 verbose stack     at saved (C:\Users\c5244525\Desktop\SHINE Release\shine\web\node\node_modules\npm\lib\cache\caching-client.js:173:7)
31 verbose stack     at FSReqWrap.oncomplete (fs.js:95:15)
32 verbose statusCode 404
33 verbose cwd C:\Users\c5244525\Desktop\SHINE Release\shine\web
34 error Windows_NT 6.3.9600
35 error argv "C:\\Users\\c5244525\\Desktop\\SHINE Release\\shine\\web\\node\\node.exe" "C:\\Users\\c5244525\\Desktop\\SHINE Release\\shine\\web\\node\\node_modules\\npm\\bin\\npm-cli.js" "install" "--production" "--registry=http://nexus.wdf.sap.corp:8081/nexus/content/groups/build.milestones.npm" "--color=false"
36 error node v0.12.4
37 error npm  v2.11.3
38 error version not found: @sap/approuter@2.8.1
39 error If you need help, you may report this error at:
39 error     <https://github.com/npm/npm/issues>
40 verbose exit [ 1, true ]
